utils/subset_data_dir.sh: reducing #utt from 142726 to 50000
===== BEGIN : Train 50000 Short Mono =====

steps/train_mono.sh --boost-silence 1.25 --nj 4 --cmd run.pl --mem 6G data/train_50000short data/lang exp/mono
steps/train_mono.sh: Initializing monophone system.
steps/train_mono.sh: Compiling training graphs
steps/train_mono.sh: Aligning data equally (pass 0)
steps/train_mono.sh: Pass 1
steps/train_mono.sh: Aligning data
steps/train_mono.sh: Pass 2
steps/train_mono.sh: Aligning data
steps/train_mono.sh: Pass 3
steps/train_mono.sh: Aligning data
steps/train_mono.sh: Pass 4
steps/train_mono.sh: Aligning data
steps/train_mono.sh: Pass 5
steps/train_mono.sh: Aligning data
steps/train_mono.sh: Pass 6
steps/train_mono.sh: Aligning data
steps/train_mono.sh: Pass 7
steps/train_mono.sh: Aligning data
steps/train_mono.sh: Pass 8
steps/train_mono.sh: Aligning data
steps/train_mono.sh: Pass 9
steps/train_mono.sh: Aligning data
steps/train_mono.sh: Pass 10
steps/train_mono.sh: Aligning data
steps/train_mono.sh: Pass 11
steps/train_mono.sh: Pass 12
steps/train_mono.sh: Aligning data
steps/train_mono.sh: Pass 13
steps/train_mono.sh: Pass 14
steps/train_mono.sh: Aligning data
steps/train_mono.sh: Pass 15
steps/train_mono.sh: Pass 16
steps/train_mono.sh: Aligning data
steps/train_mono.sh: Pass 17
steps/train_mono.sh: Pass 18
steps/train_mono.sh: Aligning data
steps/train_mono.sh: Pass 19
steps/train_mono.sh: Pass 20
steps/train_mono.sh: Aligning data
steps/train_mono.sh: Pass 21
steps/train_mono.sh: Pass 22
steps/train_mono.sh: Pass 23
steps/train_mono.sh: Aligning data
steps/train_mono.sh: Pass 24
steps/train_mono.sh: Pass 25
steps/train_mono.sh: Pass 26
steps/train_mono.sh: Aligning data
steps/train_mono.sh: Pass 27
steps/train_mono.sh: Pass 28
steps/train_mono.sh: Pass 29
steps/train_mono.sh: Aligning data
steps/train_mono.sh: Pass 30
steps/train_mono.sh: Pass 31
steps/train_mono.sh: Pass 32
steps/train_mono.sh: Aligning data
steps/train_mono.sh: Pass 33
steps/train_mono.sh: Pass 34
steps/train_mono.sh: Pass 35
steps/train_mono.sh: Aligning data
steps/train_mono.sh: Pass 36
steps/train_mono.sh: Pass 37
steps/train_mono.sh: Pass 38
steps/train_mono.sh: Aligning data
steps/train_mono.sh: Pass 39
steps/diagnostic/analyze_alignments.sh --cmd run.pl --mem 6G data/lang exp/mono
steps/diagnostic/analyze_alignments.sh: see stats in exp/mono/log/analyze_alignments.log
322 warnings in exp/mono/log/acc.*.*.log
752 warnings in exp/mono/log/update.*.log
36584 warnings in exp/mono/log/align.*.*.log
exp/mono: nj=4 align prob=-86.97 over 41.72h [retry=0.6%, fail=0.0%] states=154 gauss=999
steps/train_mono.sh: Done training monophone system in exp/mono

===== END: Train 50000 Short Mono =====
===== BEGIN : mono align =====

steps/align_si.sh --boost-silence 1.25 --nj 4 --cmd run.pl --mem 6G data/train data/lang exp/mono exp/mono_ali_train
steps/align_si.sh: feature type is delta
steps/align_si.sh: aligning data in data/train using model from exp/mono, putting alignments in exp/mono_ali_train
steps/diagnostic/analyze_alignments.sh --cmd run.pl --mem 6G data/lang exp/mono_ali_train
steps/diagnostic/analyze_alignments.sh: see stats in exp/mono_ali_train/log/analyze_alignments.log
steps/align_si.sh: done aligning data.

===== END: mono align =====
===== BEGIN : Train delta + delta-delta triphone =====

steps/train_deltas.sh --boost-silence 1.25 --cmd run.pl --mem 6G 2000 10000 data/train data/lang exp/mono_ali_train exp/tri1
steps/train_deltas.sh: accumulating tree stats
steps/train_deltas.sh: getting questions for tree-building, via clustering
steps/train_deltas.sh: building the tree
WARNING (gmm-init-model[5.5.996~1-2b016]:InitAmGmm():gmm-init-model.cc:55) Tree has pdf-id 1 with no stats; corresponding phone list: 6 7 8 9 10 
WARNING (gmm-init-model[5.5.996~1-2b016]:InitAmGmm():gmm-init-model.cc:55) Tree has pdf-id 12 with no stats; corresponding phone list: 51 52 53 54 
WARNING (gmm-init-model[5.5.996~1-2b016]:InitAmGmm():gmm-init-model.cc:55) Tree has pdf-id 14 with no stats; corresponding phone list: 59 60 61 62 
WARNING (gmm-init-model[5.5.996~1-2b016]:InitAmGmm():gmm-init-model.cc:55) Tree has pdf-id 22 with no stats; corresponding phone list: 91 92 93 94 
WARNING (gmm-init-model[5.5.996~1-2b016]:InitAmGmm():gmm-init-model.cc:55) Tree has pdf-id 30 with no stats; corresponding phone list: 123 124 125 126 
** The warnings above about 'no stats' generally mean you have phones **
** (or groups of phones) in your phone set that had no corresponding data. **
** You should probably figure out whether something went wrong, **
** or whether your data just doesn't happen to have examples of those **
** phones. **
steps/train_deltas.sh: converting alignments from exp/mono_ali_train to use current tree
steps/train_deltas.sh: compiling graphs of transcripts
steps/train_deltas.sh: training pass 1
steps/train_deltas.sh: training pass 2
steps/train_deltas.sh: training pass 3
steps/train_deltas.sh: training pass 4
steps/train_deltas.sh: training pass 5
steps/train_deltas.sh: training pass 6
steps/train_deltas.sh: training pass 7
steps/train_deltas.sh: training pass 8
steps/train_deltas.sh: training pass 9
steps/train_deltas.sh: training pass 10
steps/train_deltas.sh: aligning data
steps/train_deltas.sh: training pass 11
steps/train_deltas.sh: training pass 12
steps/train_deltas.sh: training pass 13
steps/train_deltas.sh: training pass 14
steps/train_deltas.sh: training pass 15
steps/train_deltas.sh: training pass 16
steps/train_deltas.sh: training pass 17
steps/train_deltas.sh: training pass 18
steps/train_deltas.sh: training pass 19
steps/train_deltas.sh: training pass 20
steps/train_deltas.sh: aligning data
steps/train_deltas.sh: training pass 21
steps/train_deltas.sh: training pass 22
steps/train_deltas.sh: training pass 23
steps/train_deltas.sh: training pass 24
steps/train_deltas.sh: training pass 25
steps/train_deltas.sh: training pass 26
steps/train_deltas.sh: training pass 27
steps/train_deltas.sh: training pass 28
steps/train_deltas.sh: training pass 29
steps/train_deltas.sh: training pass 30
steps/train_deltas.sh: aligning data
steps/train_deltas.sh: training pass 31
steps/train_deltas.sh: training pass 32
steps/train_deltas.sh: training pass 33
steps/train_deltas.sh: training pass 34
steps/diagnostic/analyze_alignments.sh --cmd run.pl --mem 6G data/lang exp/tri1
steps/diagnostic/analyze_alignments.sh: see stats in exp/tri1/log/analyze_alignments.log
5 warnings in exp/tri1/log/init_model.log
1 warnings in exp/tri1/log/build_tree.log
613 warnings in exp/tri1/log/acc.*.*.log
170 warnings in exp/tri1/log/update.*.log
5 warnings in exp/tri1/log/questions.log
2420 warnings in exp/tri1/log/align.*.*.log
exp/tri1: nj=4 align prob=-85.22 over 172.40h [retry=0.5%, fail=0.0%] states=1592 gauss=10030 tree-impr=4.32
steps/train_deltas.sh: Done training system with delta+delta-delta features in exp/tri1

===== END: Train delta + delta-delta triphone =====
===== BEGIN : tri1 align =====

steps/align_si.sh --nj 4 --cmd run.pl --mem 6G data/train data/lang exp/tri1 exp/tri1_ali_train
steps/align_si.sh: feature type is delta
steps/align_si.sh: aligning data in data/train using model from exp/tri1, putting alignments in exp/tri1_ali_train
steps/diagnostic/analyze_alignments.sh --cmd run.pl --mem 6G data/lang exp/tri1_ali_train
steps/diagnostic/analyze_alignments.sh: see stats in exp/tri1_ali_train/log/analyze_alignments.log
steps/align_si.sh: done aligning data.

===== END: tri1 align =====
===== BEGIN: train LDA+MLLT - tri2b model =====

steps/train_lda_mllt.sh --cmd run.pl --mem 6G --splice-opts --left-context=3 --right-context=3 2500 15000 data/train data/lang exp/tri1_ali_train exp/tri2b
steps/train_lda_mllt.sh: Accumulating LDA statistics.
steps/train_lda_mllt.sh: Accumulating tree stats
steps/train_lda_mllt.sh: Getting questions for tree clustering.
steps/train_lda_mllt.sh: Building the tree
steps/train_lda_mllt.sh: Initializing the model
WARNING (gmm-init-model[5.5.996~1-2b016]:InitAmGmm():gmm-init-model.cc:55) Tree has pdf-id 1 with no stats; corresponding phone list: 6 7 8 9 10 
WARNING (gmm-init-model[5.5.996~1-2b016]:InitAmGmm():gmm-init-model.cc:55) Tree has pdf-id 12 with no stats; corresponding phone list: 51 52 53 54 
WARNING (gmm-init-model[5.5.996~1-2b016]:InitAmGmm():gmm-init-model.cc:55) Tree has pdf-id 14 with no stats; corresponding phone list: 59 60 61 62 
WARNING (gmm-init-model[5.5.996~1-2b016]:InitAmGmm():gmm-init-model.cc:55) Tree has pdf-id 22 with no stats; corresponding phone list: 91 92 93 94 
WARNING (gmm-init-model[5.5.996~1-2b016]:InitAmGmm():gmm-init-model.cc:55) Tree has pdf-id 30 with no stats; corresponding phone list: 123 124 125 126 
This is a bad warning.
steps/train_lda_mllt.sh: Converting alignments from exp/tri1_ali_train to use current tree
steps/train_lda_mllt.sh: Compiling graphs of transcripts
Training pass 1
Training pass 2
steps/train_lda_mllt.sh: Estimating MLLT
Training pass 3
Training pass 4
steps/train_lda_mllt.sh: Estimating MLLT
Training pass 5
Training pass 6
steps/train_lda_mllt.sh: Estimating MLLT
Training pass 7
Training pass 8
Training pass 9
Training pass 10
Aligning data
Training pass 11
Training pass 12
steps/train_lda_mllt.sh: Estimating MLLT
Training pass 13
Training pass 14
Training pass 15
Training pass 16
Training pass 17
Training pass 18
Training pass 19
Training pass 20
Aligning data
Training pass 21
Training pass 22
Training pass 23
Training pass 24
Training pass 25
Training pass 26
Training pass 27
Training pass 28
Training pass 29
Training pass 30
Aligning data
Training pass 31
Training pass 32
Training pass 33
Training pass 34
steps/diagnostic/analyze_alignments.sh --cmd run.pl --mem 6G data/lang exp/tri2b
steps/diagnostic/analyze_alignments.sh: see stats in exp/tri2b/log/analyze_alignments.log
5 warnings in exp/tri2b/log/init_model.log
1 warnings in exp/tri2b/log/build_tree.log
1016 warnings in exp/tri2b/log/acc.*.*.log
2764 warnings in exp/tri2b/log/align.*.*.log
170 warnings in exp/tri2b/log/update.*.log
5 warnings in exp/tri2b/log/questions.log
19 warnings in exp/tri2b/log/lda_acc.*.log
exp/tri2b: nj=4 align prob=-44.34 over 172.40h [retry=0.5%, fail=0.0%] states=2024 gauss=15029 tree-impr=5.80 lda-sum=16.19 mllt:impr,logdet=1.16,1.60
steps/train_lda_mllt.sh: Done training system with LDA+MLLT features in exp/tri2b

===== END: train LDA+MLLT - tri2b model =====
===== BEGIN: tri2b model align =====

steps/align_si.sh --nj 4 --cmd run.pl --mem 6G --use-graphs true data/train data/lang exp/tri2b exp/tri2b_ali_train
steps/align_si.sh: feature type is lda
steps/align_si.sh: aligning data in data/train using model from exp/tri2b, putting alignments in exp/tri2b_ali_train
steps/diagnostic/analyze_alignments.sh --cmd run.pl --mem 6G data/lang exp/tri2b_ali_train
steps/diagnostic/analyze_alignments.sh: see stats in exp/tri2b_ali_train/log/analyze_alignments.log
steps/align_si.sh: done aligning data.

===== END: tri2b model align =====
===== BEGIN : train LDA+MLLT+SAT - tri3b model =====

steps/train_sat.sh --cmd run.pl --mem 6G 2500 15000 data/train data/lang exp/tri2b_ali_train exp/tri3b
steps/train_sat.sh: feature type is lda
steps/train_sat.sh: obtaining initial fMLLR transforms since not present in exp/tri2b_ali_train
steps/train_sat.sh: Accumulating tree stats
steps/train_sat.sh: Getting questions for tree clustering.
steps/train_sat.sh: Building the tree
steps/train_sat.sh: Initializing the model
WARNING (gmm-init-model[5.5.996~1-2b016]:InitAmGmm():gmm-init-model.cc:55) Tree has pdf-id 1 with no stats; corresponding phone list: 6 7 8 9 10 
WARNING (gmm-init-model[5.5.996~1-2b016]:InitAmGmm():gmm-init-model.cc:55) Tree has pdf-id 12 with no stats; corresponding phone list: 51 52 53 54 
WARNING (gmm-init-model[5.5.996~1-2b016]:InitAmGmm():gmm-init-model.cc:55) Tree has pdf-id 14 with no stats; corresponding phone list: 59 60 61 62 
WARNING (gmm-init-model[5.5.996~1-2b016]:InitAmGmm():gmm-init-model.cc:55) Tree has pdf-id 22 with no stats; corresponding phone list: 91 92 93 94 
WARNING (gmm-init-model[5.5.996~1-2b016]:InitAmGmm():gmm-init-model.cc:55) Tree has pdf-id 30 with no stats; corresponding phone list: 123 124 125 126 
This is a bad warning.
steps/train_sat.sh: Converting alignments from exp/tri2b_ali_train to use current tree
steps/train_sat.sh: Compiling graphs of transcripts
Pass 1
Pass 2
Estimating fMLLR transforms
Pass 3
Pass 4
Estimating fMLLR transforms
Pass 5
Pass 6
Estimating fMLLR transforms
Pass 7
Pass 8
Pass 9
Pass 10
Aligning data
Pass 11
Pass 12
Estimating fMLLR transforms
Pass 13
Pass 14
Pass 15
Pass 16
Pass 17
Pass 18
Pass 19
Pass 20
Aligning data
Pass 21
Pass 22
Pass 23
Pass 24
Pass 25
Pass 26
Pass 27
Pass 28
Pass 29
Pass 30
Aligning data
Pass 31
Pass 32
Pass 33
Pass 34
steps/diagnostic/analyze_alignments.sh --cmd run.pl --mem 6G data/lang exp/tri3b
steps/diagnostic/analyze_alignments.sh: see stats in exp/tri3b/log/analyze_alignments.log
1 warnings in exp/tri3b/log/build_tree.log
1317 warnings in exp/tri3b/log/acc.*.*.log
5 warnings in exp/tri3b/log/questions.log
5 warnings in exp/tri3b/log/est_alimdl.log
162 warnings in exp/tri3b/log/fmllr.*.*.log
2262 warnings in exp/tri3b/log/align.*.*.log
5 warnings in exp/tri3b/log/init_model.log
170 warnings in exp/tri3b/log/update.*.log
steps/train_sat.sh: Likelihood evolution:
-45.5086 -46.0406 -45.7638 -45.5166 -44.7829 -44.2924 -44.064 -43.9089 -43.7716 -43.3348 -43.1987 -42.9947 -42.8697 -42.7859 -42.7034 -42.651 -42.6085 -42.5709 -42.5356 -42.4381 -42.3812 -42.3382 -42.289 -42.2461 -42.2079 -42.1744 -42.1494 -42.1286 -42.1086 -42.0564 -42.0242 -42.0059 -41.9924 -41.9826 
exp/tri3b: nj=4 align prob=-46.05 over 172.39h [retry=0.4%, fail=0.0%] states=1968 gauss=15016 fmllr-impr=4.02 over 82.85h tree-impr=8.25
steps/train_sat.sh: done training SAT system in exp/tri3b

===== END: train LDA+MLLT+SAT - tri3b model =====
===== BEGIN: tri3b model align =====

steps/align_fmllr.sh --nj 4 --cmd run.pl --mem 6G data/train data/lang exp/tri3b exp/tri3b_ali_train
steps/align_fmllr.sh: feature type is lda
steps/align_fmllr.sh: compiling training graphs
steps/align_fmllr.sh: aligning data in data/train using exp/tri3b/final.alimdl and speaker-independent features.
steps/align_fmllr.sh: computing fMLLR transforms
steps/align_fmllr.sh: doing final alignment.
steps/align_fmllr.sh: done aligning data.
steps/diagnostic/analyze_alignments.sh --cmd run.pl --mem 6G data/lang exp/tri3b_ali_train
steps/diagnostic/analyze_alignments.sh: see stats in exp/tri3b_ali_train/log/analyze_alignments.log
659 warnings in exp/tri3b_ali_train/log/align_pass2.*.log
24 warnings in exp/tri3b_ali_train/log/fmllr.*.log
729 warnings in exp/tri3b_ali_train/log/align_pass1.*.log

===== END: tri3b model align =====
===== BEGIN : make mono graph =====

tree-info exp/mono/tree 
tree-info exp/mono/tree 
fstpushspecial 
fsttablecompose data/lang/L_disambig.fst data/lang/G.fst 
fstdeterminizestar --use-log=true 
fstminimizeencoded 
fstisstochastic data/lang/tmp/LG.fst 
-0.0238431 -0.0247993
[info]: LG not stochastic.
fstcomposecontext --context-size=1 --central-position=0 --read-disambig-syms=data/lang/phones/disambig.int --write-disambig-syms=data/lang/tmp/disambig_ilabels_1_0.int data/lang/tmp/ilabels_1_0.436259 data/lang/tmp/LG.fst 
fstisstochastic data/lang/tmp/CLG_1_0.fst 
-0.0238431 -0.0247993
[info]: CLG not stochastic.
make-h-transducer --disambig-syms-out=exp/mono/graph/disambig_tid.int --transition-scale=1.0 data/lang/tmp/ilabels_1_0 exp/mono/tree exp/mono/final.mdl 
fsttablecompose exp/mono/graph/Ha.fst data/lang/tmp/CLG_1_0.fst 
fstdeterminizestar --use-log=true 
fstminimizeencoded 
fstrmepslocal 
fstrmsymbols exp/mono/graph/disambig_tid.int 
fstisstochastic exp/mono/graph/HCLGa.fst 
0.000290972 -0.0475746
HCLGa is not stochastic
add-self-loops --self-loop-scale=0.1 --reorder=true exp/mono/final.mdl exp/mono/graph/HCLGa.fst 

===== END: make mono graph =====
===== BEGIN : make tri1 graph =====

tree-info exp/tri1/tree 
tree-info exp/tri1/tree 
fstcomposecontext --context-size=3 --central-position=1 --read-disambig-syms=data/lang/phones/disambig.int --write-disambig-syms=data/lang/tmp/disambig_ilabels_3_1.int data/lang/tmp/ilabels_3_1.436312 data/lang/tmp/LG.fst 
fstisstochastic data/lang/tmp/CLG_3_1.fst 
0 -0.0247993
[info]: CLG not stochastic.
make-h-transducer --disambig-syms-out=exp/tri1/graph/disambig_tid.int --transition-scale=1.0 data/lang/tmp/ilabels_3_1 exp/tri1/tree exp/tri1/final.mdl 
fsttablecompose exp/tri1/graph/Ha.fst data/lang/tmp/CLG_3_1.fst 
fstrmsymbols exp/tri1/graph/disambig_tid.int 
fstrmepslocal 
fstdeterminizestar --use-log=true 
fstminimizeencoded 
fstisstochastic exp/tri1/graph/HCLGa.fst 
0.598216 -0.0669596
HCLGa is not stochastic
add-self-loops --self-loop-scale=0.1 --reorder=true exp/tri1/final.mdl exp/tri1/graph/HCLGa.fst 

===== END: make tri1 graph =====
===== BEGIN : make tri2b graph =====

tree-info exp/tri2b/tree 
tree-info exp/tri2b/tree 
make-h-transducer --disambig-syms-out=exp/tri2b/graph/disambig_tid.int --transition-scale=1.0 data/lang/tmp/ilabels_3_1 exp/tri2b/tree exp/tri2b/final.mdl 
fstdeterminizestar --use-log=true 
fstrmsymbols exp/tri2b/graph/disambig_tid.int 
fsttablecompose exp/tri2b/graph/Ha.fst data/lang/tmp/CLG_3_1.fst 
fstrmepslocal 
fstminimizeencoded 
fstisstochastic exp/tri2b/graph/HCLGa.fst 
0.598216 -0.06701
HCLGa is not stochastic
add-self-loops --self-loop-scale=0.1 --reorder=true exp/tri2b/final.mdl exp/tri2b/graph/HCLGa.fst 

===== END: make tri2b graph =====
===== BEGIN : make tri3b graph =====

tree-info exp/tri3b/tree 
tree-info exp/tri3b/tree 
make-h-transducer --disambig-syms-out=exp/tri3b/graph/disambig_tid.int --transition-scale=1.0 data/lang/tmp/ilabels_3_1 exp/tri3b/tree exp/tri3b/final.mdl 
fstrmepslocal 
fsttablecompose exp/tri3b/graph/Ha.fst data/lang/tmp/CLG_3_1.fst 
fstdeterminizestar --use-log=true 
fstrmsymbols exp/tri3b/graph/disambig_tid.int 
fstminimizeencoded 
fstisstochastic exp/tri3b/graph/HCLGa.fst 
0.476853 -0.0669854
HCLGa is not stochastic
add-self-loops --self-loop-scale=0.1 --reorder=true exp/tri3b/final.mdl exp/tri3b/graph/HCLGa.fst 

===== END: make tri3b graph =====
===== BEGIN : mono decode =====

steps/decode.sh --nj 4 --cmd run.pl --mem 4G exp/mono/graph data/test exp/mono/decode_test
decode.sh: feature type is delta
steps/diagnostic/analyze_lats.sh --cmd run.pl --mem 4G exp/mono/graph exp/mono/decode_test
steps/diagnostic/analyze_lats.sh: see stats in exp/mono/decode_test/log/analyze_alignments.log
Overall, lattice depth (10,50,90-percentile)=(2,20,136) and mean=51.9
steps/diagnostic/analyze_lats.sh: see stats in exp/mono/decode_test/log/analyze_lattice_depth_stats.log

===== END: mono decode =====
===== BEGIN : tri1 decode =====

steps/decode.sh --nj 4 --cmd run.pl --mem 4G exp/tri1/graph data/test exp/tri1/decode_test
decode.sh: feature type is delta
steps/diagnostic/analyze_lats.sh --cmd run.pl --mem 4G exp/tri1/graph exp/tri1/decode_test
steps/diagnostic/analyze_lats.sh: see stats in exp/tri1/decode_test/log/analyze_alignments.log
Overall, lattice depth (10,50,90-percentile)=(1,5,32) and mean=13.4
steps/diagnostic/analyze_lats.sh: see stats in exp/tri1/decode_test/log/analyze_lattice_depth_stats.log

===== END: tri1 decode =====
===== BEGIN : tri2b decode =====

steps/decode.sh --nj 4 --cmd run.pl --mem 4G exp/tri2b/graph data/test exp/tri2b/decode_test
decode.sh: feature type is lda
steps/diagnostic/analyze_lats.sh --cmd run.pl --mem 4G exp/tri2b/graph exp/tri2b/decode_test
steps/diagnostic/analyze_lats.sh: see stats in exp/tri2b/decode_test/log/analyze_alignments.log
Overall, lattice depth (10,50,90-percentile)=(1,4,26) and mean=11.1
steps/diagnostic/analyze_lats.sh: see stats in exp/tri2b/decode_test/log/analyze_lattice_depth_stats.log

===== END: tri2b decode =====
===== BEGIN : tri3b fmllr decode =====

steps/decode_fmllr.sh --nj 4 --cmd run.pl --mem 4G exp/tri3b/graph data/test exp/tri3b/decode_test
steps/decode.sh --scoring-opts  --num-threads 1 --skip-scoring false --acwt 0.083333 --nj 4 --cmd run.pl --mem 4G --beam 10.0 --model exp/tri3b/final.alimdl --max-active 2000 exp/tri3b/graph data/test exp/tri3b/decode_test.si
decode.sh: feature type is lda
steps/diagnostic/analyze_lats.sh --cmd run.pl --mem 4G exp/tri3b/graph exp/tri3b/decode_test.si
steps/diagnostic/analyze_lats.sh: see stats in exp/tri3b/decode_test.si/log/analyze_alignments.log
Overall, lattice depth (10,50,90-percentile)=(1,4,22) and mean=9.4
steps/diagnostic/analyze_lats.sh: see stats in exp/tri3b/decode_test.si/log/analyze_lattice_depth_stats.log
steps/decode_fmllr.sh: feature type is lda
steps/decode_fmllr.sh: getting first-pass fMLLR transforms.
steps/decode_fmllr.sh: doing main lattice generation phase
steps/decode_fmllr.sh: estimating fMLLR transforms a second time.
steps/decode_fmllr.sh: doing a final pass of acoustic rescoring.
steps/diagnostic/analyze_lats.sh --cmd run.pl --mem 4G exp/tri3b/graph exp/tri3b/decode_test
steps/diagnostic/analyze_lats.sh: see stats in exp/tri3b/decode_test/log/analyze_alignments.log
Overall, lattice depth (10,50,90-percentile)=(1,3,13) and mean=6.2
steps/diagnostic/analyze_lats.sh: see stats in exp/tri3b/decode_test/log/analyze_lattice_depth_stats.log

===== END: tri3b fmllr decode =====
Runtime was 108578.016983
