=== Hyper params for Tri2 Model ===
number of leaves: 1250
totgauss: 15000

===== BEGIN : tri1 align =====

steps/align_si.sh --nj 4 --cmd run.pl --mem 8G data/train data/lang exp/tri1 exp/tri1_ali_train
steps/align_si.sh: feature type is delta
steps/align_si.sh: aligning data in data/train using model from exp/tri1, putting alignments in exp/tri1_ali_train
steps/diagnostic/analyze_alignments.sh --cmd run.pl --mem 8G data/lang exp/tri1_ali_train
steps/diagnostic/analyze_alignments.sh: see stats in exp/tri1_ali_train/log/analyze_alignments.log
steps/align_si.sh: done aligning data.

===== END: tri1 align =====
===== BEGIN: train LDA+MLLT - tri2b model =====

steps/train_lda_mllt.sh --cmd run.pl --mem 8G --splice-opts --left-context=4 --right-context=4 1250 15000 data/train data/lang exp/tri1_ali_train exp/tri2b
steps/train_lda_mllt.sh: Accumulating LDA statistics.
steps/train_lda_mllt.sh: Accumulating tree stats
steps/train_lda_mllt.sh: Getting questions for tree clustering.
steps/train_lda_mllt.sh: Building the tree
steps/train_lda_mllt.sh: Initializing the model
WARNING (gmm-init-model[5.5.0~1-40c7]:InitAmGmm():gmm-init-model.cc:55) Tree has pdf-id 1 with no stats; corresponding phone list: 6 7 8 9 10 
WARNING (gmm-init-model[5.5.0~1-40c7]:InitAmGmm():gmm-init-model.cc:55) Tree has pdf-id 12 with no stats; corresponding phone list: 51 52 53 54 
WARNING (gmm-init-model[5.5.0~1-40c7]:InitAmGmm():gmm-init-model.cc:55) Tree has pdf-id 14 with no stats; corresponding phone list: 59 60 61 62 
WARNING (gmm-init-model[5.5.0~1-40c7]:InitAmGmm():gmm-init-model.cc:55) Tree has pdf-id 22 with no stats; corresponding phone list: 91 92 93 94 
WARNING (gmm-init-model[5.5.0~1-40c7]:InitAmGmm():gmm-init-model.cc:55) Tree has pdf-id 30 with no stats; corresponding phone list: 123 124 125 126 
This is a bad warning.
steps/train_lda_mllt.sh: Converting alignments from exp/tri1_ali_train to use current tree
steps/train_lda_mllt.sh: Compiling graphs of transcripts
Training pass 1
Training pass 2
steps/train_lda_mllt.sh: Estimating MLLT
Training pass 3
Training pass 4
steps/train_lda_mllt.sh: Estimating MLLT
Training pass 5
Training pass 6
steps/train_lda_mllt.sh: Estimating MLLT
Training pass 7
Training pass 8
Training pass 9
Training pass 10
Aligning data
Training pass 11
Training pass 12
steps/train_lda_mllt.sh: Estimating MLLT
Training pass 13
Training pass 14
Training pass 15
Training pass 16
Training pass 17
Training pass 18
Training pass 19
Training pass 20
Aligning data
Training pass 21
Training pass 22
Training pass 23
Training pass 24
Training pass 25
Training pass 26
Training pass 27
Training pass 28
Training pass 29
Training pass 30
Aligning data
Training pass 31
Training pass 32
Training pass 33
Training pass 34
steps/diagnostic/analyze_alignments.sh --cmd run.pl --mem 8G data/lang exp/tri2b
steps/diagnostic/analyze_alignments.sh: see stats in exp/tri2b/log/analyze_alignments.log
5 warnings in exp/tri2b/log/questions.log
1 warnings in exp/tri2b/log/build_tree.log
170 warnings in exp/tri2b/log/update.*.log
5 warnings in exp/tri2b/log/init_model.log
10 warnings in exp/tri2b/log/lda_acc.*.log
2240 warnings in exp/tri2b/log/align.*.*.log
695 warnings in exp/tri2b/log/acc.*.*.log
exp/tri2b: nj=4 align prob=-42.83 over 172.03h [retry=0.4%, fail=0.0%] states=1096 gauss=15037 tree-impr=6.30 lda-sum=17.02 mllt:impr,logdet=1.09,1.64
steps/train_lda_mllt.sh: Done training system with LDA+MLLT features in exp/tri2b

===== END: train LDA+MLLT - tri2b model =====
===== BEGIN : make tri2b graph =====

tree-info exp/tri2b/tree 
tree-info exp/tri2b/tree 
make-h-transducer --disambig-syms-out=exp/tri2b/graph/disambig_tid.int --transition-scale=1.0 data/lang/tmp/ilabels_3_1 exp/tri2b/tree exp/tri2b/final.mdl 
fstminimizeencoded 
fstrmsymbols exp/tri2b/graph/disambig_tid.int 
fsttablecompose exp/tri2b/graph/Ha.fst data/lang/tmp/CLG_3_1.fst 
fstrmepslocal 
fstdeterminizestar --use-log=true 
fstisstochastic exp/tri2b/graph/HCLGa.fst 
0.627404 -0.0758108
HCLGa is not stochastic
add-self-loops --self-loop-scale=0.1 --reorder=true exp/tri2b/final.mdl exp/tri2b/graph/HCLGa.fst 

===== END: make tri2b graph =====
===== BEGIN : tri2b decode =====

steps/decode.sh --nj 4 --cmd run.pl --mem 8G exp/tri2b/graph data/valid exp/tri2b/decode_valid
decode.sh: feature type is lda
steps/diagnostic/analyze_lats.sh --cmd run.pl --mem 8G exp/tri2b/graph exp/tri2b/decode_valid
steps/diagnostic/analyze_lats.sh: see stats in exp/tri2b/decode_valid/log/analyze_alignments.log
Overall, lattice depth (10,50,90-percentile)=(1,4,23) and mean=10.1
steps/diagnostic/analyze_lats.sh: see stats in exp/tri2b/decode_valid/log/analyze_lattice_depth_stats.log

===== END: tri2b decode =====
Runtime was 8275.40240145
